[ 2025-09-09 10:17:29,492 ] 1025 httpx - INFO - HTTP Request: GET https://dagshub.com/api/v1/user "HTTP/1.1 200 OK"
[ 2025-09-09 10:17:29,500 ] 107 dagshub - INFO - Accessing as GaneshShaw123
[ 2025-09-09 10:17:29,983 ] 1025 httpx - INFO - HTTP Request: GET https://dagshub.com/api/v1/repos/GaneshShaw123/PhishingDataNetworkSecurity "HTTP/1.1 200 OK"
[ 2025-09-09 10:17:30,420 ] 1025 httpx - INFO - HTTP Request: GET https://dagshub.com/api/v1/user "HTTP/1.1 200 OK"
[ 2025-09-09 10:17:30,422 ] 107 dagshub - INFO - Initialized MLflow to track repo "GaneshShaw123/PhishingDataNetworkSecurity"
[ 2025-09-09 10:17:30,429 ] 107 dagshub - INFO - Repository GaneshShaw123/PhishingDataNetworkSecurity initialized!
[ 2025-09-09 10:17:46,192 ] 42 root - INFO - Start data Ingestion
[ 2025-09-09 10:17:48,227 ] 65 root - INFO - Performed train test split on the dataframe
[ 2025-09-09 10:17:48,227 ] 67 root - INFO - Exited split_data_as_train_test method of Data_Ingestion class
[ 2025-09-09 10:17:48,227 ] 75 root - INFO - Exporting train and test file path.
[ 2025-09-09 10:17:48,315 ] 84 root - INFO - Exported train and test file path.
[ 2025-09-09 10:17:48,316 ] 45 root - INFO - Data Ingestion completed and artifact: DataIngestionArtifact(trained_file_path='Artifacts\\09_09_2025_10_17_15\\data_ingestion\\ingested\\train.csv', test_file_path='Artifacts\\09_09_2025_10_17_15\\data_ingestion\\ingested\\test.csv')
[ 2025-09-09 10:17:48,327 ] 55 root - INFO - Initiate the data Validation
[ 2025-09-09 10:17:48,401 ] 32 root - INFO - Required number of columns:2
[ 2025-09-09 10:17:48,401 ] 33 root - INFO - Data frame has columns:31
[ 2025-09-09 10:17:48,401 ] 32 root - INFO - Required number of columns:2
[ 2025-09-09 10:17:48,401 ] 33 root - INFO - Data frame has columns:31
[ 2025-09-09 10:17:48,648 ] 63 root - INFO - Entered initiate_data_transformation method of DataTransformation class
[ 2025-09-09 10:17:48,648 ] 65 root - INFO - Starting data transformation
[ 2025-09-09 10:17:48,685 ] 48 root - INFO - Entered get_data_trnasformer_object method of Trnasformation class
[ 2025-09-09 10:17:48,685 ] 53 root - INFO - Initialise KNNImputer with {'missing_values': nan, 'n_neighbors': 3, 'weights': 'uniform'}
[ 2025-09-09 10:17:48,701 ] 46 root - INFO - Entered the save_object method of MainUtils class
[ 2025-09-09 10:17:48,705 ] 50 root - INFO - Exited the save_object method of MainUtils class
[ 2025-09-09 10:17:48,705 ] 46 root - INFO - Entered the save_object method of MainUtils class
[ 2025-09-09 10:17:48,708 ] 50 root - INFO - Exited the save_object method of MainUtils class
[ 2025-09-09 10:21:31,178 ] 46 root - INFO - Entered the save_object method of MainUtils class
[ 2025-09-09 10:21:31,179 ] 50 root - INFO - Exited the save_object method of MainUtils class
[ 2025-09-09 10:21:31,179 ] 46 root - INFO - Entered the save_object method of MainUtils class
[ 2025-09-09 10:21:31,214 ] 50 root - INFO - Exited the save_object method of MainUtils class
[ 2025-09-09 10:21:31,214 ] 153 root - INFO - Model trainer artifact: ModelTrainerArtifact(trained_model_file_path='Artifacts\\09_09_2025_10_17_15\\model_trainer\\trained_model\\model.pkl', train_metric_artifact=ClassificationMetricArtifact(f1_score=0.9910768606773473, precision_score=0.9886708476633623, recall_score=0.9934946127261639), test_metric_artifact=ClassificationMetricArtifact(f1_score=0.978330658105939, precision_score=0.9720893141945773, recall_score=0.9846526655896607))
